<?xml version="1.0" encoding="UTF-8"?>
<!-- Generated by org.testng.reporters.JUnitReportReporter -->
<testsuite skipped="0" hostname="SathishPo" name="jd.com.SeleniumHome" tests="1" failures="0" timestamp="20 Feb 2019 04:15:12 GMT" time="10.238" errors="0">
  <testcase name="setUp" time="10.238" classname="jd.com.SeleniumHome"/>
</testsuite> <!-- jd.com.SeleniumHome -->
