<?xml version="1.0" encoding="UTF-8"?>
<!-- Generated by org.testng.reporters.JUnitReportReporter -->
<testsuite skipped="0" hostname="SathishPo" name="jd.com.SeleniumHome1" tests="10" failures="0" timestamp="21 Feb 2019 01:57:29 GMT" time="54.369" errors="0">
  <testcase name="setUp" time="21.523" classname="jd.com.SeleniumHome1"/>
  <testcase name="test4" time="0.001" classname="jd.com.SeleniumHome1"/>
  <testcase name="test3" time="0.003" classname="jd.com.SeleniumHome1"/>
  <testcase name="test1" time="0.002" classname="jd.com.SeleniumHome1"/>
  <testcase name="test2" time="0.002" classname="jd.com.SeleniumHome1"/>
  <testcase name="test2" time="0.001" classname="jd.com.SeleniumHome1"/>
  <testcase name="test4" time="0.001" classname="jd.com.SeleniumHome1"/>
  <testcase name="test3" time="0.001" classname="jd.com.SeleniumHome1"/>
  <testcase name="test1" time="0.002" classname="jd.com.SeleniumHome1"/>
  <testcase name="setUp" time="32.833" classname="jd.com.SeleniumHome1"/>
</testsuite> <!-- jd.com.SeleniumHome1 -->
