<?xml version="1.0" encoding="UTF-8"?>
<!-- Generated by org.testng.reporters.JUnitReportReporter -->
<testsuite skipped="0" hostname="SathishPo" name="jd.com.SeleniumHome" tests="10" failures="0" timestamp="21 Feb 2019 01:57:29 GMT" time="58.499" errors="0">
  <testcase name="test22" time="0.002" classname="jd.com.SeleniumHome"/>
  <testcase name="test33" time="0.002" classname="jd.com.SeleniumHome"/>
  <testcase name="test44" time="0.001" classname="jd.com.SeleniumHome"/>
  <testcase name="setUp" time="32.786" classname="jd.com.SeleniumHome"/>
  <testcase name="test44" time="0.007" classname="jd.com.SeleniumHome"/>
  <testcase name="setUp" time="25.691" classname="jd.com.SeleniumHome"/>
  <testcase name="test11" time="0.003" classname="jd.com.SeleniumHome"/>
  <testcase name="test11" time="0.001" classname="jd.com.SeleniumHome"/>
  <testcase name="test33" time="0.004" classname="jd.com.SeleniumHome"/>
  <testcase name="test22" time="0.002" classname="jd.com.SeleniumHome"/>
</testsuite> <!-- jd.com.SeleniumHome -->
